<?xml version="1.0" encoding="UTF-8"?>
<testng-results skipped="0" failed="0" total="1" passed="1">
  <reporter-output>
  </reporter-output>
  <suite name="Suite" duration-ms="7726" started-at="2020-02-24T02:52:46Z" finished-at="2020-02-24T02:52:53Z">
    <groups>
      <group name="cucumber">
        <method signature="AbstractTestNGCucumberTests.feature(cucumber.api.testng.CucumberFeatureWrapper)[pri:0, instance:bdd.Runner.RunnerClass@5a61f5df]" name="feature" class="cucumber.api.testng.AbstractTestNGCucumberTests"/>
      </group> <!-- cucumber -->
    </groups>
    <test name="Test" duration-ms="7726" started-at="2020-02-24T02:52:46Z" finished-at="2020-02-24T02:52:53Z">
      <class name="bdd.Runner.RunnerClass">
        <test-method status="PASS" signature="setUpClass()[pri:0, instance:bdd.Runner.RunnerClass@5a61f5df]" name="setUpClass" is-config="true" duration-ms="182" started-at="2020-02-23T21:52:46Z" finished-at="2020-02-23T21:52:46Z">
          <reporter-output>
          </reporter-output>
        </test-method> <!-- setUpClass -->
        <test-method status="PASS" signature="feature(cucumber.api.testng.CucumberFeatureWrapper)[pri:0, instance:bdd.Runner.RunnerClass@5a61f5df]" name="feature" duration-ms="7191" started-at="2020-02-23T21:52:46Z" description="Runs Cucumber Feature" data-provider="features" finished-at="2020-02-23T21:52:53Z">
          <params>
            <param index="0">
              <value>
                <![CDATA[Users ability to search in google]]>
              </value>
            </param>
          </params>
          <reporter-output>
          </reporter-output>
        </test-method> <!-- feature -->
        <test-method status="PASS" signature="writeExtentReport()[pri:0, instance:bdd.Runner.RunnerClass@5a61f5df]" name="writeExtentReport" is-config="true" duration-ms="26" started-at="2020-02-23T21:52:53Z" finished-at="2020-02-23T21:52:53Z">
          <reporter-output>
          </reporter-output>
        </test-method> <!-- writeExtentReport -->
        <test-method status="PASS" signature="tearDownClass()[pri:0, instance:bdd.Runner.RunnerClass@5a61f5df]" name="tearDownClass" is-config="true" duration-ms="266" started-at="2020-02-23T21:52:53Z" finished-at="2020-02-23T21:52:53Z">
          <reporter-output>
          </reporter-output>
        </test-method> <!-- tearDownClass -->
      </class> <!-- bdd.Runner.RunnerClass -->
    </test> <!-- Test -->
  </suite> <!-- Suite -->
</testng-results>
